Copyright 1986-2016 Xilinx, Inc. All Rights Reserved.
-------------------------------------------------------------------------------------------------------------------------------------------------
| Tool Version     : Vivado v.2016.3 (win64) Build 1682563 Mon Oct 10 19:07:27 MDT 2016
| Date             : Wed Mar 08 17:05:00 2017
| Host             : BE104PC16 running 64-bit major release  (build 9200)
| Command          : report_power -file top_level_power_routed.rpt -pb top_level_power_summary_routed.pb -rpx top_level_power_routed.rpx
| Design           : top_level
| Device           : xc7a35tcpg236-1
| Design State     : routed
| Grade            : commercial
| Process          : typical
| Characterization : Production
-------------------------------------------------------------------------------------------------------------------------------------------------

Power Report

Table of Contents
-----------------
1. Summary
1.1 On-Chip Components
1.2 Power Supply Summary
1.3 Confidence Level
2. Settings
2.1 Environment
2.2 Clock Constraints
3. Detailed Reports
3.1 By Hierarchy

1. Summary
----------

+--------------------------+-------+
| Total On-Chip Power (W)  | 0.191 |
| Dynamic (W)              | 0.119 |
| Device Static (W)        | 0.072 |
| Effective TJA (C/W)      | 5.0   |
| Max Ambient (C)          | 84.0  |
| Junction Temperature (C) | 26.0  |
| Confidence Level         | Low   |
| Setting File             | ---   |
| Simulation Activity File | ---   |
| Design Nets Matched      | NA    |
+--------------------------+-------+


1.1 On-Chip Components
----------------------

+----------------+-----------+----------+-----------+-----------------+
| On-Chip        | Power (W) | Used     | Available | Utilization (%) |
+----------------+-----------+----------+-----------+-----------------+
| Clocks         |     0.003 |        5 |       --- |             --- |
| Slice Logic    |    <0.001 |     4801 |       --- |             --- |
|   LUT as Logic |    <0.001 |     2433 |     20800 |           11.70 |
|   Register     |    <0.001 |      932 |     41600 |            2.24 |
|   CARRY4       |    <0.001 |      236 |      8150 |            2.90 |
|   Others       |     0.000 |      466 |       --- |             --- |
| Signals        |    <0.001 |     2661 |       --- |             --- |
| MMCM           |     0.116 |        1 |         5 |           20.00 |
| I/O            |    <0.001 |       52 |       106 |           49.06 |
| Static Power   |     0.072 |          |           |                 |
| Total          |     0.191 |          |           |                 |
+----------------+-----------+----------+-----------+-----------------+


1.2 Power Supply Summary
------------------------

+-----------+-------------+-----------+-------------+------------+
| Source    | Voltage (V) | Total (A) | Dynamic (A) | Static (A) |
+-----------+-------------+-----------+-------------+------------+
| Vccint    |       1.000 |     0.013 |       0.004 |      0.010 |
| Vccaux    |       1.800 |     0.077 |       0.064 |      0.013 |
| Vcco33    |       3.300 |     0.001 |       0.000 |      0.001 |
| Vcco25    |       2.500 |     0.000 |       0.000 |      0.000 |
| Vcco18    |       1.800 |     0.000 |       0.000 |      0.000 |
| Vcco15    |       1.500 |     0.000 |       0.000 |      0.000 |
| Vcco135   |       1.350 |     0.000 |       0.000 |      0.000 |
| Vcco12    |       1.200 |     0.000 |       0.000 |      0.000 |
| Vccaux_io |       1.800 |     0.000 |       0.000 |      0.000 |
| Vccbram   |       1.000 |     0.000 |       0.000 |      0.000 |
| MGTAVcc   |       1.000 |     0.000 |       0.000 |      0.000 |
| MGTAVtt   |       1.200 |     0.000 |       0.000 |      0.000 |
| Vccadc    |       1.800 |     0.020 |       0.000 |      0.020 |
+-----------+-------------+-----------+-------------+------------+


1.3 Confidence Level
--------------------

+-----------------------------+------------+--------------------------------------------------------+------------------------------------------------------------------------------------------------------------+
| User Input Data             | Confidence | Details                                                | Action                                                                                                     |
+-----------------------------+------------+--------------------------------------------------------+------------------------------------------------------------------------------------------------------------+
| Design implementation state | High       | Design is routed                                       |                                                                                                            |
| Clock nodes activity        | High       | User specified more than 95% of clocks                 |                                                                                                            |
| I/O nodes activity          | Low        | More than 75% of inputs are missing user specification | Provide missing input activity with simulation results or by editing the "By Resource Type -> I/Os" view   |
| Internal nodes activity     | Medium     | User specified less than 25% of internal nodes         | Provide missing internal nodes activity with simulation results or by editing the "By Resource Type" views |
| Device models               | High       | Device models are Production                           |                                                                                                            |
|                             |            |                                                        |                                                                                                            |
| Overall confidence level    | Low        |                                                        |                                                                                                            |
+-----------------------------+------------+--------------------------------------------------------+------------------------------------------------------------------------------------------------------------+


2. Settings
-----------

2.1 Environment
---------------

+-----------------------+--------------------------+
| Ambient Temp (C)      | 25.0                     |
| ThetaJA (C/W)         | 5.0                      |
| Airflow (LFM)         | 250                      |
| Heat Sink             | medium (Medium Profile)  |
| ThetaSA (C/W)         | 4.6                      |
| Board Selection       | medium (10"x10")         |
| # of Board Layers     | 12to15 (12 to 15 Layers) |
| Board Temperature (C) | 25.0                     |
+-----------------------+--------------------------+


2.2 Clock Constraints
---------------------

+--------------------+--------------------------------------------+-----------------+
| Clock              | Domain                                     | Constraint (ns) |
+--------------------+--------------------------------------------+-----------------+
| clk_out1_clk_wiz_0 | not_so_slow/my_clk_inst/clk_out1_clk_wiz_0 |            40.0 |
| clkfbout_clk_wiz_0 | not_so_slow/my_clk_inst/clkfbout_clk_wiz_0 |            10.0 |
| sys_clk_pin        | clkin                                      |            10.0 |
+--------------------+--------------------------------------------+-----------------+


3. Detailed Reports
-------------------

3.1 By Hierarchy
----------------

+---------------------+-----------+
| Name                | Power (W) |
+---------------------+-----------+
| top_level           |     0.119 |
|   VGA               |    <0.001 |
|     Horz            |    <0.001 |
|       count4L_0     |    <0.001 |
|       count4L_1     |    <0.001 |
|       count4L_2     |    <0.001 |
|       count4L_3     |    <0.001 |
|     Vert            |    <0.001 |
|       count4L_0     |    <0.001 |
|       count4L_1     |    <0.001 |
|       count4L_2     |    <0.001 |
|       count4L_3     |    <0.001 |
|   baller0           |    <0.001 |
|     ball            |    <0.001 |
|     flash           |    <0.001 |
|       count4L_0     |    <0.001 |
|       count4L_1     |    <0.001 |
|       count4L_2     |    <0.001 |
|       count4L_3     |    <0.001 |
|     random1         |    <0.001 |
|     randomstuff     |    <0.001 |
|     xchanger        |    <0.001 |
|       timeDown      |    <0.001 |
|         counter     |    <0.001 |
|           count4L_0 |    <0.001 |
|           count4L_1 |    <0.001 |
|           count4L_2 |    <0.001 |
|           count4L_3 |    <0.001 |
|       timeUp        |    <0.001 |
|         count4L_0   |    <0.001 |
|         count4L_1   |    <0.001 |
|         count4L_2   |    <0.001 |
|         count4L_3   |    <0.001 |
|     ychanger        |    <0.001 |
|       timeDown      |    <0.001 |
|         counter     |    <0.001 |
|           count4L_0 |    <0.001 |
|           count4L_1 |    <0.001 |
|           count4L_2 |    <0.001 |
|           count4L_3 |    <0.001 |
|       timeUp        |    <0.001 |
|         count4L_0   |    <0.001 |
|         count4L_1   |    <0.001 |
|         count4L_2   |    <0.001 |
|         count4L_3   |    <0.001 |
|   baller1           |    <0.001 |
|     ball            |    <0.001 |
|     flash           |    <0.001 |
|       count4L_0     |    <0.001 |
|       count4L_1     |    <0.001 |
|       count4L_2     |    <0.001 |
|       count4L_3     |    <0.001 |
|     random1         |    <0.001 |
|     randomstuff     |    <0.001 |
|     xchanger        |    <0.001 |
|       timeDown      |    <0.001 |
|         counter     |    <0.001 |
|           count4L_0 |    <0.001 |
|           count4L_1 |    <0.001 |
|           count4L_2 |    <0.001 |
|           count4L_3 |    <0.001 |
|       timeUp        |    <0.001 |
|         count4L_0   |    <0.001 |
|         count4L_1   |    <0.001 |
|         count4L_2   |    <0.001 |
|         count4L_3   |    <0.001 |
|     ychanger        |    <0.001 |
|       timeDown      |    <0.001 |
|         counter     |    <0.001 |
|           count4L_0 |    <0.001 |
|           count4L_1 |    <0.001 |
|           count4L_2 |    <0.001 |
|           count4L_3 |    <0.001 |
|       timeUp        |    <0.001 |
|         count4L_0   |    <0.001 |
|         count4L_1   |    <0.001 |
|         count4L_2   |    <0.001 |
|         count4L_3   |    <0.001 |
|   baller2           |    <0.001 |
|     ball            |    <0.001 |
|     flash           |    <0.001 |
|       count4L_0     |    <0.001 |
|       count4L_1     |    <0.001 |
|       count4L_2     |    <0.001 |
|       count4L_3     |    <0.001 |
|     random1         |    <0.001 |
|     randomstuff     |    <0.001 |
|     xchanger        |    <0.001 |
|       timeDown      |    <0.001 |
|         counter     |    <0.001 |
|           count4L_0 |    <0.001 |
|           count4L_1 |    <0.001 |
|           count4L_2 |    <0.001 |
|           count4L_3 |    <0.001 |
|       timeUp        |    <0.001 |
|         count4L_0   |    <0.001 |
|         count4L_1   |    <0.001 |
|         count4L_2   |    <0.001 |
|         count4L_3   |    <0.001 |
|     ychanger        |    <0.001 |
|       timeDown      |    <0.001 |
|         counter     |    <0.001 |
|           count4L_0 |    <0.001 |
|           count4L_1 |    <0.001 |
|           count4L_2 |    <0.001 |
|           count4L_3 |    <0.001 |
|       timeUp        |    <0.001 |
|         count4L_0   |    <0.001 |
|         count4L_1   |    <0.001 |
|         count4L_2   |    <0.001 |
|         count4L_3   |    <0.001 |
|   baller3           |    <0.001 |
|     ball            |    <0.001 |
|     flash           |    <0.001 |
|       count4L_0     |    <0.001 |
|       count4L_1     |    <0.001 |
|       count4L_2     |    <0.001 |
|       count4L_3     |    <0.001 |
|     random1         |    <0.001 |
|     randomstuff     |    <0.001 |
|     xchanger        |    <0.001 |
|       timeDown      |    <0.001 |
|         counter     |    <0.001 |
|           count4L_0 |    <0.001 |
|           count4L_1 |    <0.001 |
|           count4L_2 |    <0.001 |
|           count4L_3 |    <0.001 |
|       timeUp        |    <0.001 |
|         count4L_0   |    <0.001 |
|         count4L_1   |    <0.001 |
|         count4L_2   |    <0.001 |
|         count4L_3   |    <0.001 |
|     ychanger        |    <0.001 |
|       timeDown      |    <0.001 |
|         counter     |    <0.001 |
|           count4L_0 |    <0.001 |
|           count4L_1 |    <0.001 |
|           count4L_2 |    <0.001 |
|           count4L_3 |    <0.001 |
|       timeUp        |    <0.001 |
|         count4L_0   |    <0.001 |
|         count4L_1   |    <0.001 |
|         count4L_2   |    <0.001 |
|         count4L_3   |    <0.001 |
|   baller4           |    <0.001 |
|     ball            |    <0.001 |
|     flash           |    <0.001 |
|       count4L_0     |    <0.001 |
|       count4L_1     |    <0.001 |
|       count4L_2     |    <0.001 |
|       count4L_3     |    <0.001 |
|     random1         |    <0.001 |
|     randomstuff     |    <0.001 |
|     xchanger        |    <0.001 |
|       timeDown      |    <0.001 |
|         counter     |    <0.001 |
|           count4L_0 |    <0.001 |
|           count4L_1 |    <0.001 |
|           count4L_2 |    <0.001 |
|           count4L_3 |    <0.001 |
|       timeUp        |    <0.001 |
|         count4L_0   |    <0.001 |
|         count4L_1   |    <0.001 |
|         count4L_2   |    <0.001 |
|         count4L_3   |    <0.001 |
|     ychanger        |    <0.001 |
|       timeDown      |    <0.001 |
|         counter     |    <0.001 |
|           count4L_0 |    <0.001 |
|           count4L_1 |    <0.001 |
|           count4L_2 |    <0.001 |
|           count4L_3 |    <0.001 |
|       timeUp        |    <0.001 |
|         count4L_0   |    <0.001 |
|         count4L_1   |    <0.001 |
|         count4L_2   |    <0.001 |
|         count4L_3   |    <0.001 |
|   baller5           |    <0.001 |
|     ball            |    <0.001 |
|     flash           |    <0.001 |
|       count4L_0     |    <0.001 |
|       count4L_1     |    <0.001 |
|       count4L_2     |    <0.001 |
|       count4L_3     |    <0.001 |
|     random1         |    <0.001 |
|     randomstuff     |    <0.001 |
|     xchanger        |    <0.001 |
|       timeDown      |    <0.001 |
|         counter     |    <0.001 |
|           count4L_0 |    <0.001 |
|           count4L_1 |    <0.001 |
|           count4L_2 |    <0.001 |
|           count4L_3 |    <0.001 |
|       timeUp        |    <0.001 |
|         count4L_0   |    <0.001 |
|         count4L_1   |    <0.001 |
|         count4L_2   |    <0.001 |
|         count4L_3   |    <0.001 |
|     ychanger        |    <0.001 |
|       timeDown      |    <0.001 |
|         counter     |    <0.001 |
|           count4L_0 |    <0.001 |
|           count4L_1 |    <0.001 |
|           count4L_2 |    <0.001 |
|           count4L_3 |    <0.001 |
|       timeUp        |    <0.001 |
|         count4L_0   |    <0.001 |
|         count4L_1   |    <0.001 |
|         count4L_2   |    <0.001 |
|         count4L_3   |    <0.001 |
|   baller6           |    <0.001 |
|     ball            |    <0.001 |
|     flash           |    <0.001 |
|       count4L_0     |    <0.001 |
|       count4L_1     |    <0.001 |
|       count4L_2     |    <0.001 |
|       count4L_3     |    <0.001 |
|     random1         |    <0.001 |
|     randomstuff     |    <0.001 |
|     xchanger        |    <0.001 |
|       timeDown      |    <0.001 |
|         counter     |    <0.001 |
|           count4L_0 |    <0.001 |
|           count4L_1 |    <0.001 |
|           count4L_2 |    <0.001 |
|           count4L_3 |    <0.001 |
|       timeUp        |    <0.001 |
|         count4L_0   |    <0.001 |
|         count4L_1   |    <0.001 |
|         count4L_2   |    <0.001 |
|         count4L_3   |    <0.001 |
|     ychanger        |    <0.001 |
|       timeDown      |    <0.001 |
|         counter     |    <0.001 |
|           count4L_0 |    <0.001 |
|           count4L_1 |    <0.001 |
|           count4L_2 |    <0.001 |
|           count4L_3 |    <0.001 |
|       timeUp        |    <0.001 |
|         count4L_0   |    <0.001 |
|         count4L_1   |    <0.001 |
|         count4L_2   |    <0.001 |
|         count4L_3   |    <0.001 |
|   baller7           |    <0.001 |
|     ball            |    <0.001 |
|     flash           |    <0.001 |
|       count4L_0     |    <0.001 |
|       count4L_1     |    <0.001 |
|       count4L_2     |    <0.001 |
|       count4L_3     |    <0.001 |
|     random1         |    <0.001 |
|     randomstuff     |    <0.001 |
|     xchanger        |    <0.001 |
|       timeDown      |    <0.001 |
|         counter     |    <0.001 |
|           count4L_0 |    <0.001 |
|           count4L_1 |    <0.001 |
|           count4L_2 |    <0.001 |
|           count4L_3 |    <0.001 |
|       timeUp        |    <0.001 |
|         count4L_0   |    <0.001 |
|         count4L_1   |    <0.001 |
|         count4L_2   |    <0.001 |
|         count4L_3   |    <0.001 |
|     ychanger        |    <0.001 |
|       timeDown      |    <0.001 |
|         counter     |    <0.001 |
|           count4L_0 |    <0.001 |
|           count4L_1 |    <0.001 |
|           count4L_2 |    <0.001 |
|           count4L_3 |    <0.001 |
|       timeUp        |    <0.001 |
|         count4L_0   |    <0.001 |
|         count4L_1   |    <0.001 |
|         count4L_2   |    <0.001 |
|         count4L_3   |    <0.001 |
|   edger             |    <0.001 |
|   nolabel_line95    |    <0.001 |
|     timeDown        |    <0.001 |
|       counter       |    <0.001 |
|         count4L_0   |    <0.001 |
|         count4L_1   |    <0.001 |
|         count4L_2   |    <0.001 |
|         count4L_3   |    <0.001 |
|     timeUp          |    <0.001 |
|       count4L_0     |    <0.001 |
|       count4L_1     |    <0.001 |
|       count4L_2     |    <0.001 |
|       count4L_3     |    <0.001 |
|   nolabel_line97    |    <0.001 |
|   not_so_slow       |     0.117 |
|     my_clk_inst     |     0.116 |
|     slowclk         |    <0.001 |
|       XLXI_38       |    <0.001 |
|         I_Q0        |    <0.001 |
|         I_Q1        |    <0.001 |
|         I_Q2        |    <0.001 |
|         I_Q3        |    <0.001 |
|       XLXI_39       |    <0.001 |
|         I_Q0        |    <0.001 |
|         I_Q1        |    <0.001 |
|         I_Q2        |    <0.001 |
|         I_Q3        |    <0.001 |
|       XLXI_40       |    <0.001 |
|         I_Q0        |    <0.001 |
|         I_Q1        |    <0.001 |
|         I_Q2        |    <0.001 |
|         I_Q3        |    <0.001 |
|       XLXI_45       |    <0.001 |
|         I_Q0        |    <0.001 |
|         I_Q1        |    <0.001 |
|         I_Q2        |    <0.001 |
|         I_Q3        |    <0.001 |
|   paddleControl     |    <0.001 |
|     updown          |    <0.001 |
|       timeDown      |    <0.001 |
|         counter     |    <0.001 |
|           count4L_0 |    <0.001 |
|           count4L_1 |    <0.001 |
|           count4L_2 |    <0.001 |
|           count4L_3 |    <0.001 |
|       timeUp        |    <0.001 |
|         count4L_0   |    <0.001 |
|         count4L_1   |    <0.001 |
|         count4L_2   |    <0.001 |
|         count4L_3   |    <0.001 |
|   select            |    <0.001 |
|   timer             |    <0.001 |
|     count4L_0       |    <0.001 |
|     count4L_1       |    <0.001 |
|     count4L_2       |    <0.001 |
|     count4L_3       |    <0.001 |
+---------------------+-----------+


